Performing C SOURCE FILE Test FLAG_SUPPORTED_Wcomma failed with the following output:
Change Dir: /app/build/CMakeFiles/CMakeTmp

Run Build Command(s):/usr/bin/gmake -f Makefile cmTC_7c344/fast && /usr/bin/gmake  -f CMakeFiles/cmTC_7c344.dir/build.make CMakeFiles/cmTC_7c344.dir/build
gmake[1]: Entering directory '/app/build/CMakeFiles/CMakeTmp'
Building C object CMakeFiles/cmTC_7c344.dir/src.c.o
//duo-sdk/riscv64-linux-musl-x86_64/bin/riscv64-unknown-linux-musl-gcc --sysroot=//duo-sdk/rootfs -DFLAG_SUPPORTED_Wcomma -I/app/install_cv1800b_mqtt/include -I/app/install_cv1800b_cjson/include -std=c89 -pedantic -Wall -Wextra -Werror -Wstrict-prototypes -Wwrite-strings -Wshadow -Winit-self -Wcast-align -Wformat=2 -Wmissing-prototypes -Wstrict-overflow=2 -Wcast-qual -Wundef -Wswitch-default -Wconversion -Wc++-compat -fstack-protector-strong    -Wcomma -o CMakeFiles/cmTC_7c344.dir/src.c.o -c /app/build/CMakeFiles/CMakeTmp/src.c
riscv64-unknown-linux-musl-gcc: error: unrecognized command-line option '-Wcomma'; did you mean '-Wcomment'?
gmake[1]: *** [CMakeFiles/cmTC_7c344.dir/build.make:78: CMakeFiles/cmTC_7c344.dir/src.c.o] Error 1
gmake[1]: Leaving directory '/app/build/CMakeFiles/CMakeTmp'
gmake: *** [Makefile:127: cmTC_7c344/fast] Error 2


Source file was:
int main(void) { return 0; }
Performing C SOURCE FILE Test FLAG_SUPPORTED_Wmissingvariabledeclarations failed with the following output:
Change Dir: /app/build/CMakeFiles/CMakeTmp

Run Build Command(s):/usr/bin/gmake -f Makefile cmTC_33d87/fast && /usr/bin/gmake  -f CMakeFiles/cmTC_33d87.dir/build.make CMakeFiles/cmTC_33d87.dir/build
gmake[1]: Entering directory '/app/build/CMakeFiles/CMakeTmp'
Building C object CMakeFiles/cmTC_33d87.dir/src.c.o
//duo-sdk/riscv64-linux-musl-x86_64/bin/riscv64-unknown-linux-musl-gcc --sysroot=//duo-sdk/rootfs -DFLAG_SUPPORTED_Wmissingvariabledeclarations -I/app/install_cv1800b_mqtt/include -I/app/install_cv1800b_cjson/include -std=c89 -pedantic -Wall -Wextra -Werror -Wstrict-prototypes -Wwrite-strings -Wshadow -Winit-self -Wcast-align -Wformat=2 -Wmissing-prototypes -Wstrict-overflow=2 -Wcast-qual -Wundef -Wswitch-default -Wconversion -Wc++-compat -fstack-protector-strong -Wdouble-promotion -Wparentheses -Wformat-overflow -Wunused-macros    -Wmissing-variable-declarations -o CMakeFiles/cmTC_33d87.dir/src.c.o -c /app/build/CMakeFiles/CMakeTmp/src.c
riscv64-unknown-linux-musl-gcc: error: unrecognized command-line option '-Wmissing-variable-declarations'; did you mean '-Wmissing-declarations'?
gmake[1]: *** [CMakeFiles/cmTC_33d87.dir/build.make:78: CMakeFiles/cmTC_33d87.dir/src.c.o] Error 1
gmake[1]: Leaving directory '/app/build/CMakeFiles/CMakeTmp'
gmake: *** [Makefile:127: cmTC_33d87/fast] Error 2


Source file was:
int main(void) { return 0; }
Performing C SOURCE FILE Test FLAG_SUPPORTED_Wusedbutmarkedunused failed with the following output:
Change Dir: /app/build/CMakeFiles/CMakeTmp

Run Build Command(s):/usr/bin/gmake -f Makefile cmTC_8513c/fast && /usr/bin/gmake  -f CMakeFiles/cmTC_8513c.dir/build.make CMakeFiles/cmTC_8513c.dir/build
gmake[1]: Entering directory '/app/build/CMakeFiles/CMakeTmp'
Building C object CMakeFiles/cmTC_8513c.dir/src.c.o
//duo-sdk/riscv64-linux-musl-x86_64/bin/riscv64-unknown-linux-musl-gcc --sysroot=//duo-sdk/rootfs -DFLAG_SUPPORTED_Wusedbutmarkedunused -I/app/install_cv1800b_mqtt/include -I/app/install_cv1800b_cjson/include -std=c89 -pedantic -Wall -Wextra -Werror -Wstrict-prototypes -Wwrite-strings -Wshadow -Winit-self -Wcast-align -Wformat=2 -Wmissing-prototypes -Wstrict-overflow=2 -Wcast-qual -Wundef -Wswitch-default -Wconversion -Wc++-compat -fstack-protector-strong -Wdouble-promotion -Wparentheses -Wformat-overflow -Wunused-macros    -Wused-but-marked-unused -o CMakeFiles/cmTC_8513c.dir/src.c.o -c /app/build/CMakeFiles/CMakeTmp/src.c
riscv64-unknown-linux-musl-gcc: error: unrecognized command-line option '-Wused-but-marked-unused'
gmake[1]: *** [CMakeFiles/cmTC_8513c.dir/build.make:78: CMakeFiles/cmTC_8513c.dir/src.c.o] Error 1
gmake[1]: Leaving directory '/app/build/CMakeFiles/CMakeTmp'
gmake: *** [Makefile:127: cmTC_8513c/fast] Error 2


Source file was:
int main(void) { return 0; }
